Arguments: 
  C:\Program Files\nodejs\node.exe C:\Users\Kris\scoop\apps\yarn\current\Yarn\bin\yarn.js install

PATH: 
  C:\Users\Kris\Documents\git\fitness-tracker\node_modules\.bin;C:\Program Files (x86)\Razer Chroma SDK\bin;C:\Program Files\Razer Chroma SDK\bin;C:\Program Files (x86)\Razer\ChromaBroadcast\bin;C:\Program Files\Razer\ChromaBroadcast\bin;C:\ProgramData\Oracle\Java\javapath;C:\WINDOWS\system32;C:\WINDOWS;C:\WINDOWS\System32\Wbem;C:\WINDOWS\System32\WindowsPowerShell\v1.0\;C:\Program Files (x86)\ATI Technologies\ATI.ACE\Core-Static;C:\Program Files\nodejs\;C:\Program Files (x86)\Brackets\command;C:\WINDOWS\System32\OpenSSH\;C:\Users\Kris\AppData\Local\Programs\Python\Launcher\;C:\WINDOWS\system32\config\systemprofile\AppData\Local\Microsoft\WindowsApps;C:\Users\Kris\scoop\apps\yarn\current\Yarn\bin;C:\Users\Kris\scoop\apps\yarn\current\global\node_modules\.bin;C:\Users\Kris\scoop\apps\python27\current\scripts;C:\Users\Kris\AppData\Local\Programs\Python\Launcher\;C:\Users\Kris\scoop\apps\python\current\scripts;C:\Users\Kris\scoop\apps\yarn\current\bin;C:\Users\Kris\scoop\shims;C:\Users\Kris\AppData\Local\Microsoft\WindowsApps;C:\Users\Kris\AppData\Local\Google\Cloud SDK\google-cloud-sdk\bin;C:\Users\Kris\AppData\Local\Microsoft\WindowsApps;C:\Program Files\JetBrains\WebStorm 2018.3.5\bin;C:\Program Files\JetBrains\IntelliJ IDEA 2019.1.1\bin;C:\Users\Kris\AppData\Local\Programs\Microsoft VS Code\bin;C:\Users\Kris\AppData\Roaming\npm

Yarn version: 
  1.16.0

Node version: 
  10.16.0

Platform: 
  win32 x64

Trace: 
  Error: https://registry.yarnpkg.com/@angular%2ffirebase: Not found
      at Request.params.callback [as _callback] (C:\Users\Kris\scoop\apps\yarn\1.16.0\Yarn\lib\cli.js:65200:18)
      at Request.self.callback (C:\Users\Kris\scoop\apps\yarn\1.16.0\Yarn\lib\cli.js:129590:22)
      at Request.emit (events.js:198:13)
      at Request.<anonymous> (C:\Users\Kris\scoop\apps\yarn\1.16.0\Yarn\lib\cli.js:130562:10)
      at Request.emit (events.js:198:13)
      at IncomingMessage.<anonymous> (C:\Users\Kris\scoop\apps\yarn\1.16.0\Yarn\lib\cli.js:130484:12)
      at Object.onceWrapper (events.js:286:20)
      at IncomingMessage.emit (events.js:203:15)
      at endReadableNT (_stream_readable.js:1129:12)
      at process._tickCallback (internal/process/next_tick.js:63:19)

npm manifest: 
  {
    "name": "fitness-tracker",
    "version": "0.0.0",
    "license": "MIT",
    "scripts": {
      "ng": "ng",
      "start": "ng serve",
      "build": "ng build --prod",
      "test": "ng test",
      "lint": "ng lint",
      "e2e": "ng e2e"
    },
    "private": true,
    "dependencies": {
      "@angular/animations": "^5.2.0",
      "@angular/cdk": "^5.2.1",
      "@angular/common": "^5.2.0",
      "@angular/compiler": "^5.2.0",
      "@angular/core": "^5.2.0",
      "@angular/flex-layout": "5.0.0-beta.13",
      "@angular/forms": "^5.2.0",
      "@angular/material": "^5.2.1",
      "@angular/platform-browser": "^5.2.0",
      "@angular/platform-browser-dynamic": "^5.2.0",
      "@angular/router": "^5.2.0",
      "@ngrx/store": "^5.2.0",
      "angularfire2": "^5.0.0-rc.6",
      "core-js": "^2.4.1",
      "@angular/firebase": "^4.10.1",
      "hammerjs": "^2.0.8",
      "rxjs": "^5.5.6",
      "tslib": "^1.9.0",
      "zone.js": "~0.9.1"
    },
    "devDependencies": {
      "@angular-devkit/build-angular": "~0.800.0",
      "@angular/cli": "1.6.8",
      "@angular/compiler-cli": "^5.2.0",
      "@angular/language-service": "^5.2.0",
      "@types/jasmine": "~2.8.3",
      "@types/jasminewd2": "~2.0.2",
      "@types/node": "~6.0.60",
      "codelyzer": "^5.0.1",
      "jasmine-core": "~2.8.0",
      "jasmine-spec-reporter": "~4.2.1",
      "karma": "~2.0.0",
      "karma-chrome-launcher": "~2.2.0",
      "karma-coverage-istanbul-reporter": "^1.2.1",
      "karma-jasmine": "~1.1.0",
      "karma-jasmine-html-reporter": "^0.2.2",
      "protractor": "~5.1.2",
      "ts-node": "~4.1.0",
      "tslint": "~5.9.1",
      "typescript": "~3.4.5"
    }
  }

yarn manifest: 
  No manifest

Lockfile: 
  No lockfile
